#
# A fatal error has been detected by the Java Runtime Environment:
#
#  SIGSEGV (0xb) at pc=0x0000000127f75cc1, pid=41244, tid=775
#
# JRE version: OpenJDK Runtime Environment (11.0.4+10) (build 11.0.4+10-b304.69)
# Java VM: OpenJDK 64-Bit Server VM (11.0.4+10-b304.69, mixed mode, tiered, compressed oops, g1 gc, bsd-amd64)
# Problematic frame:
# C  [libglass.dylib+0x25cc1]  -[GlassWindow(Java) _sendJavaWindowMoveEventForFrame:]+0xf1
#
# No core dump will be written. Core dumps have been disabled. To enable core dumping, try "ulimit -c unlimited" before starting Java again
#
# If you would like to submit a bug report, please visit:
#   http://bugreport.java.com/bugreport/crash.jsp
#

---------------  S U M M A R Y ------------

Command Line: -javaagent:/Applications/IntelliJ IDEA.app/Contents/lib/idea_rt.jar=63076:/Applications/IntelliJ IDEA.app/Contents/bin -Dfile.encoding=UTF-8 P3_G6_Miniproject_Client.Main

Host: MacBookPro15,2 x86_64 2300 MHz, 8 cores, 8G, Darwin 18.7.0
Time: Thu Oct 17 11:53:06 2019 CEST elapsed time: 6 seconds (0d 0h 0m 6s)

---------------  T H R E A D  ---------------

Current thread is native thread

Stack: [0x00007ffee5782000,0x00007ffee5f82000],  sp=0x00007ffee5f7de20,  free space=8175k
Native frames: (J=compiled Java code, A=aot compiled Java code, j=interpreted, Vv=VM code, C=native code)
C  [libglass.dylib+0x25cc1]  -[GlassWindow(Java) _sendJavaWindowMoveEventForFrame:]+0xf1
C  [libglass.dylib+0x27672]  -[GlassWindow(Overrides) windowDidResize:]+0x92
C  [CoreFoundation+0x9db96]  __CFNOTIFICATIONCENTER_IS_CALLING_OUT_TO_AN_OBSERVER__+0xc
C  [CoreFoundation+0x9db10]  ___CFXRegistrationPost_block_invoke+0x3f
C  [CoreFoundation+0x9da7a]  _CFXRegistrationPost+0x194
C  [CoreFoundation+0xa5f28]  ___CFXNotificationPost_block_invoke+0x57
C  [CoreFoundation+0xe8b4]  -[_CFXNotificationRegistrar find:object:observer:enumerator:]+0x66a
C  [CoreFoundation+0xdc67]  _CFXNotificationPost+0x2dc
C  [Foundation+0x11aab]  -[NSNotificationCenter postNotificationName:object:userInfo:]+0x42
C  [AppKit+0xf8533]  -[NSWindow _setFrameCommon:display:stashSize:]+0xc12
C  [AppKit+0xf790e]  -[NSWindow _setFrame:display:allowImplicitAnimation:stashSize:]+0xc0
C  [AppKit+0xf7847]  -[NSWindow setFrame:display:]+0x33
C  [AppKit+0x587712]  -[_NSWindowEnterFullScreenTransitionController failedToEnterFullScreen]+0x130
C  [AppKit+0x9adf69]  -[_NSEnterFullScreenTransitionController _doFailedToEnterFullScreen]+0x15d
C  [AppKit+0x52990]  NSPerformVisuallyAtomicChange+0x84
C  [AppKit+0x9af04e]  -[_NSEnterFullScreenTransitionController interrupt]+0xcf
C  [AppKit+0xafe7de]  -[_NSFullScreenSpace(Transitions) interruptTransitions]+0xbf
C  [AppKit+0xb47436]  -[NSWindow(NSFullScreen) _doFullScreenCleanupForOrderOut]+0x4a
C  [AppKit+0x1c8158]  -[NSWindow _reallyDoOrderWindowOutRelativeTo:findKey:forCounter:force:isModal:]+0x3ef
C  [AppKit+0x16d95a]  -[NSWindow _reallyDoOrderWindow:relativeTo:findKey:forCounter:force:isModal:]+0xac
C  [AppKit+0x16c521]  -[NSWindow _doOrderWindow:relativeTo:findKey:forCounter:force:isModal:]+0x11b
C  [AppKit+0x16c3a5]  -[NSWindow orderWindow:relativeTo:]+0x98
C  [AppKit+0x8ff9bc]  -[NSWindow _finishClosingWindow]+0x1d8
C  [AppKit+0x398471]  -[NSWindow _close]+0x16c
C  [libglass.dylib+0x27d13]  -[GlassWindow_Normal close]+0x53
C  [Foundation+0xb0302]  __NSThreadPerformPerform+0x148
C  [CoreFoundation+0x57683]  __CFRUNLOOP_IS_CALLING_OUT_TO_A_SOURCE0_PERFORM_FUNCTION__+0x11
C  [CoreFoundation+0x57629]  __CFRunLoopDoSource0+0x6c
C  [CoreFoundation+0x3b043]  __CFRunLoopDoSources0+0x11b
C  [CoreFoundation+0x3a5b5]  __CFRunLoopRun+0x4a5
C  [CoreFoundation+0x39ebe]  CFRunLoopRunSpecific+0x1c7
C  [java+0x639d]  CreateExecutionEnvironment+0x190
C  [java+0x251b]  JLI_Launch+0x51f
C  [java+0x14c5]  main+0x175
C  [libdyld.dylib+0x163d5]  start+0x1


siginfo: si_signo: 11 (SIGSEGV), si_code: 1 (SEGV_MAPERR), si_addr: 0x0000000000000000

Register to memory mapping:

RAX=
[error occurred during error reporting (printing register info), id 0xb, SIGSEGV (0xb) at pc=0x000000010b4f3370]

Registers:
RAX=0x0000000000000307, RBX=0x00007ff4d8a04918, RCX=0x0000000000000000, RDX=0x00000000004dde00
RSP=0x00007ffee5f7de20, RBP=0x00007ffee5f7e270, RSI=0x00007ffee5f7e280, RDI=0x00000000de282680
R8 =0x00007ff4d8b18600, R9 =0x0000000000008004, R10=0x00007ff4d8800000, R11=0x00000000000010eb
R12=0x00007ff4d83a2c40, R13=0x0000000127f95b60, R14=0x0000000000000000, R15=0x0000000000000000
RIP=0x0000000127f75cc1, EFLAGS=0x0000000000010206, ERR=0x0000000000000004
  TRAPNO=0x000000000000000e

Top of Stack: (sp=0x00007ffee5f7de20)
0x00007ffee5f7de20:   00007ff4d5d33a80 00007fff9532fc01
0x00007ffee5f7de30:   0000000000000000 00007fff9532fc20
0x00007ffee5f7de40:   0000000127f75c7c 0000000127f77672
0x00007ffee5f7de50:   00007fff3a1ecb96 00007fff3a1ecb10
0x00007ffee5f7de60:   00007fff3a1eca7a 00007fff3a1f4f28
0x00007ffee5f7de70:   00007fff3a15d8b4 00007fff3a15cc67
0x00007ffee5f7de80:   00007fff3c3e2aab 00007fff3785e533
0x00007ffee5f7de90:   00007fff3785d90e 00007fff3785d847
0x00007ffee5f7dea0:   00007fff37ced712 00007fff38113f69
0x00007ffee5f7deb0:   00007fff377b8990 00007fff3811504e
0x00007ffee5f7dec0:   00007fff382647de 00007fff382ad436
0x00007ffee5f7ded0:   00007fff3792e158 00007fff378d395a
0x00007ffee5f7dee0:   00007fff378d2521 00007fff378d23a5
0x00007ffee5f7def0:   00007fff380659bc 00007fff37afe471
0x00007ffee5f7df00:   0000000127f77d13 00007fff3c481302
0x00007ffee5f7df10:   00007fff3a1a6683 00007fff3a1a6629
0x00007ffee5f7df20:   00007fff3a18a043 00007fff3a1895b5
0x00007ffee5f7df30:   00007fff3a188ebe 0000000109c8439d
0x00007ffee5f7df40:   0000000109c8051b 0000000109c7f4c5
0x00007ffee5f7df50:   00007fff660df3d5 00007ffee5f7e450
0x00007ffee5f7df60:   00007ff4d6800cc0 00007ff4d6800000
0x00007ffee5f7df70:   00007ffee5f7e3b0 00007fff6490648a
0x00007ffee5f7df80:   00007fff64903680 0000000000000020
0x00007ffee5f7df90:   00007ffee5f7e220 00007fff3a15cd1c
0x00007ffee5f7dfa0:   c8364a7a16af000e 00007ffee5f7e050
0x00007ffee5f7dfb0:   00007ff4d5f13860 00007ffee5f7e048
0x00007ffee5f7dfc0:   00007fff953355a0 00007ffee5f7e140
0x00007ffee5f7dfd0:   00007fff953355a8 00007ff4d8185790
0x00007ffee5f7dfe0:   00007ffee5f7e100 00007fff377d8f7f
0x00007ffee5f7dff0:   00007ffee5f7e048 00007ffee5f7e038
0x00007ffee5f7e000:   00007ffee5f7e04f 00007fff377d8fb5
0x00007ffee5f7e010:   a3a3a3a3a3a3a3a3 00007fff94a99b08 

Instructions: (pc=0x0000000127f75cc1)
0x0000000127f75bc1:   41 5d 41 5e 41 5f 5d c3 e8 7c 8a 00 00 66 90 55
0x0000000127f75bd1:   48 89 e5 41 57 41 56 41 55 41 54 53 48 81 ec 28
0x0000000127f75be1:   04 00 00 49 89 fc 48 8b 05 42 35 01 00 48 8b 00
0x0000000127f75bf1:   48 89 45 d0 48 8d 05 4c d2 01 00 48 8b 00 41 80
0x0000000127f75c01:   3c 04 00 0f 85 46 01 00 00 48 8d 75 10 48 8d 05
0x0000000127f75c11:   43 d2 01 00 48 8b 00 48 8b 0e 48 8b 56 08 49 89
0x0000000127f75c21:   54 04 08 49 89 0c 04 4c 8d 2d 31 ff 01 00 4d 8b
0x0000000127f75c31:   75 00 4d 85 f6 0f 85 85 00 00 00 48 8b 05 f5 34
0x0000000127f75c41:   01 00 48 8b 38 48 8d 35 09 db 00 00 48 8d 15 5b
0x0000000127f75c51:   09 01 00 48 8d 0d a5 08 01 00 41 b8 54 00 00 00
0x0000000127f75c61:   31 c0 e8 1e 8a 00 00 4c 8d b5 d0 fb ff ff be 80
0x0000000127f75c71:   00 00 00 4c 89 f7 e8 ec 89 00 00 41 89 c7 4c 89
0x0000000127f75c81:   f7 44 89 fe e8 e4 89 00 00 49 89 c6 45 85 ff 7e
0x0000000127f75c91:   1f 45 89 ff 4c 89 f3 0f 1f 84 00 00 00 00 00 48
0x0000000127f75ca1:   8b 3b e8 6a 8b 00 00 48 83 c3 08 49 ff cf 75 ef
0x0000000127f75cb1:   4c 89 f7 e8 d3 89 00 00 4d 8b 75 00 48 8d 75 10
0x0000000127f75cc1:   49 8b 06 48 8b 80 e8 01 00 00 48 89 85 b8 fb ff
0x0000000127f75cd1:   ff 48 8d 05 17 d1 01 00 48 8b 00 49 8b 04 04 48
0x0000000127f75ce1:   89 85 c0 fb ff ff 48 8d 05 ca fe 01 00 48 8b 00
0x0000000127f75cf1:   48 89 85 c8 fb ff ff f2 44 0f 2c 2e f2 44 0f 2c
0x0000000127f75d01:   7e 08 48 8d 05 de d0 01 00 48 8b 00 49 8b 3c 04
0x0000000127f75d11:   48 8b 35 78 c8 01 00 48 8b 1d 61 34 01 00 ff d3
0x0000000127f75d21:   44 0f be c8 31 c0 4c 89 f7 48 8b b5 c0 fb ff ff
0x0000000127f75d31:   48 8b 95 c8 fb ff ff 44 89 e9 45 89 f8 ff 95 b8
0x0000000127f75d41:   fb ff ff 48 8b 35 4d c8 01 00 4c 89 e7 ff d3 48
0x0000000127f75d51:   8b 05 d9 33 01 00 48 8b 00 48 3b 45 d0 75 12 48
0x0000000127f75d61:   81 c4 28 04 00 00 5b 41 5c 41 5d 41 5e 41 5f 5d
0x0000000127f75d71:   c3 e8 d3 88 00 00 66 0f 1f 84 00 00 00 00 00 55
0x0000000127f75d81:   48 89 e5 41 57 41 56 41 55 41 54 53 48 81 ec 28
0x0000000127f75d91:   04 00 00 49 89 ff 48 8b 05 92 33 01 00 48 8b 00
0x0000000127f75da1:   48 89 45 d0 48 8d 05 a4 d0 01 00 48 8b 00 41 80
0x0000000127f75db1:   3c 07 00 0f 85 36 01 00 00 89 95 cc fb ff ff 4c 


Stack slot to memory mapping:
stack at sp + 0 slots: 
[error occurred during error reporting (inspecting top of stack), id 0xb, SIGSEGV (0xb) at pc=0x000000010b4f3370]


---------------  P R O C E S S  ---------------

VM state:at safepoint (normal execution)

VM Mutex/Monitor currently owned by a thread:  ([mutex/lock_event])
[0x00007ff4d5d03cf0] Threads_lock - owner thread: 0x00007ff4d9013000

Heap address: 0x0000000780000000, size: 2048 MB, Compressed Oops mode: Zero based, Oop shift amount: 3
Narrow klass base: 0x0000000800000000, Narrow klass shift: 0
Compressed class space size: 1073741824 Address: 0x0000000800000000

Heap:
 garbage-first heap   total 131072K, used 49342K [0x0000000780000000, 0x0000000800000000)
  region size 1024K, 9 young (9216K), 7 survivors (7168K)
 Metaspace       used 20686K, capacity 21361K, committed 21760K, reserved 1069056K
  class space    used 2445K, capacity 2729K, committed 2816K, reserved 1048576K
Heap Regions: E=young(eden), S=young(survivor), O=old, HS=humongous(starts), HC=humongous(continues), CS=collection set, F=free, A=archive, TAMS=top-at-mark-start (previous, next)
|   0|0x0000000780000000, 0x0000000780100000, 0x0000000780100000|100%|HS|  |TAMS 0x0000000780100000, 0x0000000780000000| Complete 
|   1|0x0000000780100000, 0x0000000780200000, 0x0000000780200000|100%|HC|  |TAMS 0x0000000780200000, 0x0000000780100000| Complete 
|   2|0x0000000780200000, 0x0000000780300000, 0x0000000780300000|100%|HC|  |TAMS 0x0000000780300000, 0x0000000780200000| Complete 
|   3|0x0000000780300000, 0x0000000780400000, 0x0000000780400000|100%|HC|  |TAMS 0x0000000780400000, 0x0000000780300000| Complete 
|   4|0x0000000780400000, 0x0000000780500000, 0x0000000780500000|100%|HC|  |TAMS 0x0000000780500000, 0x0000000780400000| Complete 
|   5|0x0000000780500000, 0x0000000780600000, 0x0000000780600000|100%|HC|  |TAMS 0x0000000780600000, 0x0000000780500000| Complete 
|   6|0x0000000780600000, 0x0000000780700000, 0x0000000780700000|100%|HS|  |TAMS 0x0000000780700000, 0x0000000780600000| Complete 
|   7|0x0000000780700000, 0x0000000780800000, 0x0000000780800000|100%|HS|  |TAMS 0x0000000780800000, 0x0000000780700000| Complete 
|   8|0x0000000780800000, 0x0000000780900000, 0x0000000780900000|100%|HC|  |TAMS 0x0000000780900000, 0x0000000780800000| Complete 
|   9|0x0000000780900000, 0x0000000780a00000, 0x0000000780a00000|100%|HS|  |TAMS 0x0000000780a00000, 0x0000000780900000| Complete 
|  10|0x0000000780a00000, 0x0000000780b00000, 0x0000000780b00000|100%|HC|  |TAMS 0x0000000780b00000, 0x0000000780a00000| Complete 
|  11|0x0000000780b00000, 0x0000000780c00000, 0x0000000780c00000|100%|HS|  |TAMS 0x0000000780c00000, 0x0000000780b00000| Complete 
|  12|0x0000000780c00000, 0x0000000780d00000, 0x0000000780d00000|100%|HS|  |TAMS 0x0000000780d00000, 0x0000000780c00000| Complete 
|  13|0x0000000780d00000, 0x0000000780e00000, 0x0000000780e00000|100%|HS|  |TAMS 0x0000000780e00000, 0x0000000780d00000| Complete 
|  14|0x0000000780e00000, 0x0000000780f00000, 0x0000000780f00000|100%|HS|  |TAMS 0x0000000780f00000, 0x0000000780e00000| Complete 
|  15|0x0000000780f00000, 0x0000000781000000, 0x0000000781000000|100%|HC|  |TAMS 0x0000000781000000, 0x0000000780f00000| Complete 
|  16|0x0000000781000000, 0x0000000781100000, 0x0000000781100000|100%|HS|  |TAMS 0x0000000781100000, 0x0000000781000000| Complete 
|  17|0x0000000781100000, 0x0000000781200000, 0x0000000781200000|100%|HC|  |TAMS 0x0000000781200000, 0x0000000781100000| Complete 
|  18|0x0000000781200000, 0x0000000781300000, 0x0000000781300000|100%|HS|  |TAMS 0x0000000781300000, 0x0000000781200000| Complete 
|  19|0x0000000781300000, 0x0000000781400000, 0x0000000781400000|100%|HS|  |TAMS 0x0000000781400000, 0x0000000781300000| Complete 
|  20|0x0000000781400000, 0x0000000781500000, 0x0000000781500000|100%|HS|  |TAMS 0x0000000781500000, 0x0000000781400000| Complete 
|  21|0x0000000781500000, 0x0000000781600000, 0x0000000781600000|100%|HS|  |TAMS 0x0000000781600000, 0x0000000781500000| Complete 
|  22|0x0000000781600000, 0x0000000781700000, 0x0000000781700000|100%|HC|  |TAMS 0x0000000781700000, 0x0000000781600000| Complete 
|  23|0x0000000781700000, 0x0000000781800000, 0x0000000781800000|100%|HS|  |TAMS 0x0000000781800000, 0x0000000781700000| Complete 
|  24|0x0000000781800000, 0x0000000781900000, 0x0000000781900000|100%|HC|  |TAMS 0x0000000781900000, 0x0000000781800000| Complete 
|  25|0x0000000781900000, 0x0000000781a00000, 0x0000000781a00000|100%|HS|  |TAMS 0x0000000781a00000, 0x0000000781900000| Complete 
|  26|0x0000000781a00000, 0x0000000781b00000, 0x0000000781b00000|100%|HS|  |TAMS 0x0000000781b00000, 0x0000000781a00000| Complete 
|  27|0x0000000781b00000, 0x0000000781c00000, 0x0000000781c00000|100%|HS|  |TAMS 0x0000000781c00000, 0x0000000781b00000| Complete 
|  28|0x0000000781c00000, 0x0000000781d00000, 0x0000000781d00000|100%|HS|  |TAMS 0x0000000781d00000, 0x0000000781c00000| Complete 
|  29|0x0000000781d00000, 0x0000000781e00000, 0x0000000781e00000|100%|HC|  |TAMS 0x0000000781e00000, 0x0000000781d00000| Complete 
|  30|0x0000000781e00000, 0x0000000781f00000, 0x0000000781f00000|100%|HS|  |TAMS 0x0000000781f00000, 0x0000000781e00000| Complete 
|  31|0x0000000781f00000, 0x0000000782000000, 0x0000000782000000|100%|HC|  |TAMS 0x0000000782000000, 0x0000000781f00000| Complete 
|  32|0x0000000782000000, 0x0000000782100000, 0x0000000782100000|100%|HS|  |TAMS 0x0000000782100000, 0x0000000782000000| Complete 
|  33|0x0000000782100000, 0x0000000782200000, 0x0000000782200000|100%|HS|  |TAMS 0x0000000782200000, 0x0000000782100000| Complete 
|  34|0x0000000782200000, 0x0000000782300000, 0x0000000782300000|100%|HS|  |TAMS 0x0000000782300000, 0x0000000782200000| Complete 
|  35|0x0000000782300000, 0x0000000782400000, 0x0000000782400000|100%|HS|  |TAMS 0x0000000782400000, 0x0000000782300000| Complete 
|  36|0x0000000782400000, 0x0000000782500000, 0x0000000782500000|100%|HC|  |TAMS 0x0000000782500000, 0x0000000782400000| Complete 
|  37|0x0000000782500000, 0x0000000782600000, 0x0000000782600000|100%|HS|  |TAMS 0x0000000782600000, 0x0000000782500000| Complete 
|  38|0x0000000782600000, 0x0000000782700000, 0x0000000782700000|100%|HC|  |TAMS 0x0000000782700000, 0x0000000782600000| Complete 
|  39|0x0000000782700000, 0x0000000782800000, 0x0000000782800000|100%|HS|  |TAMS 0x0000000782800000, 0x0000000782700000| Complete 
|  40|0x0000000782800000, 0x0000000782900000, 0x0000000782900000|100%|HC|  |TAMS 0x0000000782900000, 0x0000000782800000| Complete 
|  41|0x0000000782900000, 0x0000000782900000, 0x0000000782a00000|  0%| F|  |TAMS 0x0000000782900000, 0x0000000782900000| Untracked 
|  42|0x0000000782a00000, 0x0000000782a00000, 0x0000000782b00000|  0%| F|  |TAMS 0x0000000782a00000, 0x0000000782a00000| Untracked 
|  43|0x0000000782b00000, 0x0000000782b00000, 0x0000000782c00000|  0%| F|  |TAMS 0x0000000782b00000, 0x0000000782b00000| Untracked 
|  44|0x0000000782c00000, 0x0000000782c00000, 0x0000000782d00000|  0%| F|  |TAMS 0x0000000782c00000, 0x0000000782c00000| Untracked 
|  45|0x0000000782d00000, 0x0000000782d00000, 0x0000000782e00000|  0%| F|  |TAMS 0x0000000782d00000, 0x0000000782d00000| Untracked 
|  46|0x0000000782e00000, 0x0000000782e00000, 0x0000000782f00000|  0%| F|  |TAMS 0x0000000782e00000, 0x0000000782e00000| Untracked 
|  47|0x0000000782f00000, 0x0000000782f00000, 0x0000000783000000|  0%| F|  |TAMS 0x0000000782f00000, 0x0000000782f00000| Untracked 
|  48|0x0000000783000000, 0x0000000783000000, 0x0000000783100000|  0%| F|  |TAMS 0x0000000783000000, 0x0000000783000000| Untracked 
|  49|0x0000000783100000, 0x0000000783100000, 0x0000000783200000|  0%| F|  |TAMS 0x0000000783100000, 0x0000000783100000| Untracked 
|  50|0x0000000783200000, 0x0000000783200000, 0x0000000783300000|  0%| F|  |TAMS 0x0000000783200000, 0x0000000783200000| Untracked 
|  51|0x0000000783300000, 0x0000000783300000, 0x0000000783400000|  0%| F|  |TAMS 0x0000000783300000, 0x0000000783300000| Untracked 
|  52|0x0000000783400000, 0x0000000783400000, 0x0000000783500000|  0%| F|  |TAMS 0x0000000783400000, 0x0000000783400000| Untracked 
|  53|0x0000000783500000, 0x0000000783500000, 0x0000000783600000|  0%| F|  |TAMS 0x0000000783500000, 0x0000000783500000| Untracked 
|  54|0x0000000783600000, 0x0000000783600000, 0x0000000783700000|  0%| F|  |TAMS 0x0000000783600000, 0x0000000783600000| Untracked 
|  55|0x0000000783700000, 0x0000000783700000, 0x0000000783800000|  0%| F|  |TAMS 0x0000000783700000, 0x0000000783700000| Untracked 
|  56|0x0000000783800000, 0x0000000783800000, 0x0000000783900000|  0%| F|  |TAMS 0x0000000783800000, 0x0000000783800000| Untracked 
|  57|0x0000000783900000, 0x0000000783900000, 0x0000000783a00000|  0%| F|  |TAMS 0x0000000783900000, 0x0000000783900000| Untracked 
|  58|0x0000000783a00000, 0x0000000783a00000, 0x0000000783b00000|  0%| F|  |TAMS 0x0000000783a00000, 0x0000000783a00000| Untracked 
|  59|0x0000000783b00000, 0x0000000783b00000, 0x0000000783c00000|  0%| F|  |TAMS 0x0000000783b00000, 0x0000000783b00000| Untracked 
|  60|0x0000000783c00000, 0x0000000783c00000, 0x0000000783d00000|  0%| F|  |TAMS 0x0000000783c00000, 0x0000000783c00000| Untracked 
|  61|0x0000000783d00000, 0x0000000783d00000, 0x0000000783e00000|  0%| F|  |TAMS 0x0000000783d00000, 0x0000000783d00000| Untracked 
|  62|0x0000000783e00000, 0x0000000783e00000, 0x0000000783f00000|  0%| F|  |TAMS 0x0000000783e00000, 0x0000000783e00000| Untracked 
|  63|0x0000000783f00000, 0x0000000783f00000, 0x0000000784000000|  0%| F|  |TAMS 0x0000000783f00000, 0x0000000783f00000| Untracked 
|  64|0x0000000784000000, 0x0000000784000000, 0x0000000784100000|  0%| F|  |TAMS 0x0000000784000000, 0x0000000784000000| Untracked 
|  65|0x0000000784100000, 0x0000000784100000, 0x0000000784200000|  0%| F|  |TAMS 0x0000000784100000, 0x0000000784100000| Untracked 
|  66|0x0000000784200000, 0x0000000784200000, 0x0000000784300000|  0%| F|  |TAMS 0x0000000784200000, 0x0000000784200000| Untracked 
|  67|0x0000000784300000, 0x0000000784300000, 0x0000000784400000|  0%| F|  |TAMS 0x0000000784300000, 0x0000000784300000| Untracked 
|  68|0x0000000784400000, 0x0000000784400000, 0x0000000784500000|  0%| F|  |TAMS 0x0000000784400000, 0x0000000784400000| Untracked 
|  69|0x0000000784500000, 0x0000000784500000, 0x0000000784600000|  0%| F|  |TAMS 0x0000000784500000, 0x0000000784500000| Untracked 
|  70|0x0000000784600000, 0x0000000784600000, 0x0000000784700000|  0%| F|  |TAMS 0x0000000784600000, 0x0000000784600000| Untracked 
|  71|0x0000000784700000, 0x0000000784700000, 0x0000000784800000|  0%| F|  |TAMS 0x0000000784700000, 0x0000000784700000| Untracked 
|  72|0x0000000784800000, 0x0000000784800000, 0x0000000784900000|  0%| F|  |TAMS 0x0000000784800000, 0x0000000784800000| Untracked 
|  73|0x0000000784900000, 0x0000000784900000, 0x0000000784a00000|  0%| F|  |TAMS 0x0000000784900000, 0x0000000784900000| Untracked 
|  74|0x0000000784a00000, 0x0000000784a00000, 0x0000000784b00000|  0%| F|  |TAMS 0x0000000784a00000, 0x0000000784a00000| Untracked 
|  75|0x0000000784b00000, 0x0000000784b00000, 0x0000000784c00000|  0%| F|  |TAMS 0x0000000784b00000, 0x0000000784b00000| Untracked 
|  76|0x0000000784c00000, 0x0000000784c00000, 0x0000000784d00000|  0%| F|  |TAMS 0x0000000784c00000, 0x0000000784c00000| Untracked 
|  77|0x0000000784d00000, 0x0000000784d00000, 0x0000000784e00000|  0%| F|  |TAMS 0x0000000784d00000, 0x0000000784d00000| Untracked 
|  78|0x0000000784e00000, 0x0000000784e00000, 0x0000000784f00000|  0%| F|  |TAMS 0x0000000784e00000, 0x0000000784e00000| Untracked 
|  79|0x0000000784f00000, 0x0000000784f00000, 0x0000000785000000|  0%| F|  |TAMS 0x0000000784f00000, 0x0000000784f00000| Untracked 
|  80|0x0000000785000000, 0x0000000785000000, 0x0000000785100000|  0%| F|  |TAMS 0x0000000785000000, 0x0000000785000000| Untracked 
|  81|0x0000000785100000, 0x0000000785100000, 0x0000000785200000|  0%| F|  |TAMS 0x0000000785100000, 0x0000000785100000| Untracked 
|  82|0x0000000785200000, 0x0000000785200000, 0x0000000785300000|  0%| F|  |TAMS 0x0000000785200000, 0x0000000785200000| Untracked 
|  83|0x0000000785300000, 0x0000000785300000, 0x0000000785400000|  0%| F|  |TAMS 0x0000000785300000, 0x0000000785300000| Untracked 
|  84|0x0000000785400000, 0x0000000785400000, 0x0000000785500000|  0%| F|  |TAMS 0x0000000785400000, 0x0000000785400000| Untracked 
|  85|0x0000000785500000, 0x0000000785500000, 0x0000000785600000|  0%| F|  |TAMS 0x0000000785500000, 0x0000000785500000| Untracked 
|  86|0x0000000785600000, 0x0000000785600000, 0x0000000785700000|  0%| F|  |TAMS 0x0000000785600000, 0x0000000785600000| Untracked 
|  87|0x0000000785700000, 0x0000000785700000, 0x0000000785800000|  0%| F|  |TAMS 0x0000000785700000, 0x0000000785700000| Untracked 
|  88|0x0000000785800000, 0x0000000785800000, 0x0000000785900000|  0%| F|  |TAMS 0x0000000785800000, 0x0000000785800000| Untracked 
|  89|0x0000000785900000, 0x0000000785900000, 0x0000000785a00000|  0%| F|  |TAMS 0x0000000785900000, 0x0000000785900000| Untracked 
|  90|0x0000000785a00000, 0x0000000785a00000, 0x0000000785b00000|  0%| F|  |TAMS 0x0000000785a00000, 0x0000000785a00000| Untracked 
|  91|0x0000000785b00000, 0x0000000785b00000, 0x0000000785c00000|  0%| F|  |TAMS 0x0000000785b00000, 0x0000000785b00000| Untracked 
|  92|0x0000000785c00000, 0x0000000785c00000, 0x0000000785d00000|  0%| F|  |TAMS 0x0000000785c00000, 0x0000000785c00000| Untracked 
|  93|0x0000000785d00000, 0x0000000785d2fb58, 0x0000000785e00000| 18%| S|CS|TAMS 0x0000000785d00000, 0x0000000785d00000| Complete 
|  94|0x0000000785e00000, 0x0000000785f00000, 0x0000000785f00000|100%| S|CS|TAMS 0x0000000785e00000, 0x0000000785e00000| Complete 
|  95|0x0000000785f00000, 0x0000000786000000, 0x0000000786000000|100%| S|CS|TAMS 0x0000000785f00000, 0x0000000785f00000| Complete 
|  96|0x0000000786000000, 0x0000000786100000, 0x0000000786100000|100%| S|CS|TAMS 0x0000000786000000, 0x0000000786000000| Complete 
|  97|0x0000000786100000, 0x0000000786200000, 0x0000000786200000|100%| S|CS|TAMS 0x0000000786100000, 0x0000000786100000| Complete 
|  98|0x0000000786200000, 0x0000000786300000, 0x0000000786300000|100%| S|CS|TAMS 0x0000000786200000, 0x0000000786200000| Complete 
|  99|0x0000000786300000, 0x0000000786400000, 0x0000000786400000|100%| S|CS|TAMS 0x0000000786300000, 0x0000000786300000| Complete 
| 100|0x0000000786400000, 0x0000000786400000, 0x0000000786500000|  0%| F|  |TAMS 0x0000000786400000, 0x0000000786400000| Untracked 
| 101|0x0000000786500000, 0x0000000786500000, 0x0000000786600000|  0%| F|  |TAMS 0x0000000786500000, 0x0000000786500000| Untracked 
| 102|0x0000000786600000, 0x0000000786600000, 0x0000000786700000|  0%| F|  |TAMS 0x0000000786600000, 0x0000000786600000| Untracked 
| 103|0x0000000786700000, 0x0000000786700000, 0x0000000786800000|  0%| F|  |TAMS 0x0000000786700000, 0x0000000786700000| Untracked 
| 104|0x0000000786800000, 0x0000000786800000, 0x0000000786900000|  0%| F|  |TAMS 0x0000000786800000, 0x0000000786800000| Untracked 
| 105|0x0000000786900000, 0x0000000786900000, 0x0000000786a00000|  0%| F|  |TAMS 0x0000000786900000, 0x0000000786900000| Untracked 
| 106|0x0000000786a00000, 0x0000000786a00000, 0x0000000786b00000|  0%| F|  |TAMS 0x0000000786a00000, 0x0000000786a00000| Untracked 
| 107|0x0000000786b00000, 0x0000000786b00000, 0x0000000786c00000|  0%| F|  |TAMS 0x0000000786b00000, 0x0000000786b00000| Untracked 
| 108|0x0000000786c00000, 0x0000000786c00000, 0x0000000786d00000|  0%| F|  |TAMS 0x0000000786c00000, 0x0000000786c00000| Untracked 
| 109|0x0000000786d00000, 0x0000000786d00000, 0x0000000786e00000|  0%| F|  |TAMS 0x0000000786d00000, 0x0000000786d00000| Untracked 
| 110|0x0000000786e00000, 0x0000000786e00000, 0x0000000786f00000|  0%| F|  |TAMS 0x0000000786e00000, 0x0000000786e00000| Untracked 
| 111|0x0000000786f00000, 0x0000000786f00000, 0x0000000787000000|  0%| F|  |TAMS 0x0000000786f00000, 0x0000000786f00000| Untracked 
| 112|0x0000000787000000, 0x0000000787000000, 0x0000000787100000|  0%| F|  |TAMS 0x0000000787000000, 0x0000000787000000| Untracked 
| 113|0x0000000787100000, 0x0000000787100000, 0x0000000787200000|  0%| F|  |TAMS 0x0000000787100000, 0x0000000787100000| Untracked 
| 114|0x0000000787200000, 0x0000000787200000, 0x0000000787300000|  0%| F|  |TAMS 0x0000000787200000, 0x0000000787200000| Untracked 
| 115|0x0000000787300000, 0x0000000787300000, 0x0000000787400000|  0%| F|  |TAMS 0x0000000787300000, 0x0000000787300000| Untracked 
| 116|0x0000000787400000, 0x0000000787400000, 0x0000000787500000|  0%| F|  |TAMS 0x0000000787400000, 0x0000000787400000| Untracked 
| 117|0x0000000787500000, 0x0000000787500000, 0x0000000787600000|  0%| F|  |TAMS 0x0000000787500000, 0x0000000787500000| Untracked 
| 118|0x0000000787600000, 0x0000000787600000, 0x0000000787700000|  0%| F|  |TAMS 0x0000000787600000, 0x0000000787600000| Untracked 
| 119|0x0000000787700000, 0x0000000787700000, 0x0000000787800000|  0%| F|  |TAMS 0x0000000787700000, 0x0000000787700000| Untracked 
| 120|0x0000000787800000, 0x0000000787800000, 0x0000000787900000|  0%| F|  |TAMS 0x0000000787800000, 0x0000000787800000| Untracked 
| 121|0x0000000787900000, 0x0000000787900000, 0x0000000787a00000|  0%| F|  |TAMS 0x0000000787900000, 0x0000000787900000| Untracked 
| 122|0x0000000787a00000, 0x0000000787a00000, 0x0000000787b00000|  0%| F|  |TAMS 0x0000000787a00000, 0x0000000787a00000| Untracked 
| 123|0x0000000787b00000, 0x0000000787b00000, 0x0000000787c00000|  0%| F|  |TAMS 0x0000000787b00000, 0x0000000787b00000| Untracked 
| 124|0x0000000787c00000, 0x0000000787c00000, 0x0000000787d00000|  0%| F|  |TAMS 0x0000000787c00000, 0x0000000787c00000| Untracked 
| 125|0x0000000787d00000, 0x0000000787d00000, 0x0000000787e00000|  0%| F|  |TAMS 0x0000000787d00000, 0x0000000787d00000| Untracked 
| 126|0x0000000787e00000, 0x0000000787ec4500, 0x0000000787f00000| 76%| E|  |TAMS 0x0000000787e00000, 0x0000000787e00000| Complete 
| 127|0x0000000787f00000, 0x0000000788000000, 0x0000000788000000|100%| E|CS|TAMS 0x0000000787f00000, 0x0000000787f00000| Complete 

Card table byte_map: [0x000000010c926000,0x000000010cd26000] _byte_map_base: 0x0000000108d26000

Marking Bits (Prev, Next): (CMBitMap*) 0x00007ff4d8825050, (CMBitMap*) 0x00007ff4d8825018
 Prev Bits: [0x0000000122318000, 0x0000000124318000)
 Next Bits: [0x0000000120318000, 0x0000000122318000)

Polling page: 0x0000000109d12000

Metaspace:

Usage:
  Non-class:     18.20 MB capacity,    17.81 MB ( 98%) used,   322.29 KB (  2%) free+waste,    68.38 KB ( <1%) overhead. 
      Class:      2.67 MB capacity,     2.39 MB ( 90%) used,   248.02 KB (  9%) free+waste,    35.56 KB (  1%) overhead. 
       Both:     20.86 MB capacity,    20.20 MB ( 97%) used,   570.30 KB (  3%) free+waste,   103.94 KB ( <1%) overhead. 

Virtual space:
  Non-class space:       20.00 MB reserved,      18.50 MB ( 92%) committed 
      Class space:        1.00 GB reserved,       2.75 MB ( <1%) committed 
             Both:        1.02 GB reserved,      21.25 MB (  2%) committed 

Chunk freelists:
   Non-Class:  92.00 KB
       Class:  0 bytes
        Both:  92.00 KB

CodeHeap 'non-profiled nmethods': size=120032Kb used=587Kb max_used=587Kb free=119444Kb
 bounds [0x0000000118de0000, 0x0000000119050000, 0x0000000120318000]
CodeHeap 'profiled nmethods': size=120028Kb used=2913Kb max_used=2913Kb free=117114Kb
 bounds [0x00000001118a9000, 0x0000000111b89000, 0x0000000118de0000]
CodeHeap 'non-nmethods': size=5700Kb used=1298Kb max_used=1316Kb free=4402Kb
 bounds [0x0000000111318000, 0x0000000111588000, 0x00000001118a9000]
 total_blobs=2603 nmethods=1559 adapters=634
 compilation: enabled
              stopped_count=0, restarted_count=0
 full_count=0

Compilation events (10 events):
Event: 6.582 Thread 0x00007ff4d9800000 nmethod 1556 0x0000000111b7eb90 code [0x0000000111b7edc0, 0x0000000111b7f3c8]
Event: 6.583 Thread 0x00007ff4d9800000 1557       3       sun.util.locale.LocaleUtils::toLower (17 bytes)
Event: 6.583 Thread 0x00007ff4d9800000 nmethod 1557 0x0000000111b7f610 code [0x0000000111b7f7c0, 0x0000000111b7fa50]
Event: 6.584 Thread 0x00007ff4d9800000 1558       3       java.lang.Class::getReflectionFactory (26 bytes)
Event: 6.584 Thread 0x00007ff4d9800000 nmethod 1558 0x0000000111b7fb10 code [0x0000000111b7fd00, 0x0000000111b80148]
Event: 6.585 Thread 0x00007ff4d9800000 1559       3       jdk.internal.reflect.ConstructorAccessorImpl::<init> (5 bytes)
Event: 6.585 Thread 0x00007ff4d9800000 nmethod 1559 0x0000000111b80290 code [0x0000000111b80440, 0x0000000111b80650]
Event: 6.585 Thread 0x00007ff4d9800000 1560       3       java.lang.reflect.Constructor::setConstructorAccessor (21 bytes)
Event: 6.585 Thread 0x00007ff4d9800000 nmethod 1560 0x0000000111b80710 code [0x0000000111b808e0, 0x0000000111b80c28]
Event: 6.588 Thread 0x00007ff4d9800000 1561       3       java.lang.String::charAt (25 bytes)

GC Heap History (4 events):
Event: 0.740 GC heap before
{Heap before GC invocations=0 (full 0):
 garbage-first heap   total 131072K, used 23552K [0x0000000780000000, 0x0000000800000000)
  region size 1024K, 24 young (24576K), 0 survivors (0K)
 Metaspace       used 14065K, capacity 14460K, committed 14848K, reserved 1062912K
  class space    used 1530K, capacity 1703K, committed 1792K, reserved 1048576K
}
Event: 0.743 GC heap after
{Heap after GC invocations=1 (full 0):
 garbage-first heap   total 131072K, used 2783K [0x0000000780000000, 0x0000000800000000)
  region size 1024K, 3 young (3072K), 3 survivors (3072K)
 Metaspace       used 14065K, capacity 14460K, committed 14848K, reserved 1062912K
  class space    used 1530K, capacity 1703K, committed 1792K, reserved 1048576K
}
Event: 6.414 GC heap before
{Heap before GC invocations=1 (full 0):
 garbage-first heap   total 131072K, used 68319K [0x0000000780000000, 0x0000000800000000)
  region size 1024K, 28 young (28672K), 3 survivors (3072K)
 Metaspace       used 20446K, capacity 21072K, committed 21248K, reserved 1067008K
  class space    used 2417K, capacity 2718K, committed 2816K, reserved 1048576K
}
Event: 6.422 GC heap after
{Heap after GC invocations=2 (full 0):
 garbage-first heap   total 131072K, used 48318K [0x0000000780000000, 0x0000000800000000)
  region size 1024K, 7 young (7168K), 7 survivors (7168K)
 Metaspace       used 20446K, capacity 21072K, committed 21248K, reserved 1067008K
  class space    used 2417K, capacity 2718K, committed 2816K, reserved 1048576K
}

Deoptimization events (10 events):
Event: 6.476 Thread 0x00007ff4d896d800 DEOPT PACKING pc=0x0000000111b3d7cb sp=0x0000700006922060
Event: 6.476 Thread 0x00007ff4d896d800 DEOPT UNPACKING pc=0x00000001113407ba sp=0x00007000069214c0 mode 0
Event: 6.476 Thread 0x00007ff4d896d800 DEOPT PACKING pc=0x0000000111b3d7cb sp=0x0000700006922060
Event: 6.476 Thread 0x00007ff4d896d800 DEOPT UNPACKING pc=0x00000001113407ba sp=0x00007000069214c0 mode 0
Event: 6.476 Thread 0x00007ff4d896d800 DEOPT PACKING pc=0x0000000111b3d7cb sp=0x0000700006922060
Event: 6.476 Thread 0x00007ff4d896d800 DEOPT UNPACKING pc=0x00000001113407ba sp=0x00007000069214c0 mode 0
Event: 6.586 Thread 0x00007ff4d6807000 Uncommon trap: trap_request=0xffffff4d fr.pc=0x0000000118de5594 relative=0x0000000000000074
Event: 6.586 Thread 0x00007ff4d6807000 Uncommon trap: reason=unstable_if action=reinterpret pc=0x0000000118de5594 method=java.lang.String.isLatin1()Z @ 10 c2
Event: 6.586 Thread 0x00007ff4d6807000 DEOPT PACKING pc=0x0000000118de5594 sp=0x00007000057efe50
Event: 6.586 Thread 0x00007ff4d6807000 DEOPT UNPACKING pc=0x00000001113409a5 sp=0x00007000057efdb0 mode 2

Classes redefined (0 events):
No events

Internal exceptions (10 events):
Event: 3.258 Thread 0x00007ff4d700e000 Exception <a 'java/io/FileNotFoundException'{0x0000000786c103b0}> (0x0000000786c103b0) thrown at [/opt/buildAgent/work/5ff2f6c26000d570/src/hotspot/share/prims/jni.cpp, line 615]
Event: 4.259 Thread 0x00007ff4d700e000 Exception <a 'java/io/FileNotFoundException'{0x0000000786c118a0}> (0x0000000786c118a0) thrown at [/opt/buildAgent/work/5ff2f6c26000d570/src/hotspot/share/prims/jni.cpp, line 615]
Event: 5.260 Thread 0x00007ff4d700e000 Exception <a 'java/io/FileNotFoundException'{0x0000000786c12d90}> (0x0000000786c12d90) thrown at [/opt/buildAgent/work/5ff2f6c26000d570/src/hotspot/share/prims/jni.cpp, line 615]
Event: 6.261 Thread 0x00007ff4d700e000 Exception <a 'java/io/FileNotFoundException'{0x0000000786c14280}> (0x0000000786c14280) thrown at [/opt/buildAgent/work/5ff2f6c26000d570/src/hotspot/share/prims/jni.cpp, line 615]
Event: 6.271 Thread 0x00007ff4d700e000 Exception <a 'java/lang/NoSuchMethodError'{0x0000000786c2ff48}: 'long java.lang.invoke.DirectMethodHandle$Holder.invokeStaticInit(java.lang.Object, java.lang.Object, java.lang.Object)'> (0x0000000786c2ff48) thrown at [/opt/buildAgent/work/5ff2f6c26000d570
Event: 6.274 Thread 0x00007ff4d700e000 Exception <a 'java/lang/NoSuchMethodError'{0x0000000786c48590}: 'java.lang.Object java.lang.invoke.DirectMethodHandle$Holder.invokeStatic(java.lang.Object, java.lang.Object, long)'> (0x0000000786c48590) thrown at [/opt/buildAgent/work/5ff2f6c26000d570/src
Event: 6.274 Thread 0x00007ff4d700e000 Exception <a 'java/lang/NoSuchMethodError'{0x0000000786c4e708}: 'java.lang.Object java.lang.invoke.Invokers$Holder.linkToTargetMethod(java.lang.Object, long, java.lang.Object)'> (0x0000000786c4e708) thrown at [/opt/buildAgent/work/5ff2f6c26000d570/src/hot
Event: 6.290 Thread 0x00007ff4d700e000 Exception <a 'java/lang/NoSuchMethodError'{0x0000000786baeba8}: 'java.lang.Object java.lang.invoke.DirectMethodHandle$Holder.invokeInterface(java.lang.Object, java.lang.Object, java.lang.Object)'> (0x0000000786baeba8) thrown at [/opt/buildAgent/work/5ff2f
Event: 6.290 Thread 0x00007ff4d700e000 Exception <a 'java/lang/IncompatibleClassChangeError'{0x0000000786bb1d60}: Found class java.lang.Object, but interface was expected> (0x0000000786bb1d60) thrown at [/opt/buildAgent/work/5ff2f6c26000d570/src/hotspot/share/interpreter/linkResolver.cpp, line
Event: 6.577 Thread 0x00007ff4d6807000 Exception <a 'java/lang/reflect/InvocationTargetException'{0x0000000787e578c8}> (0x0000000787e578c8) thrown at [/opt/buildAgent/work/5ff2f6c26000d570/src/hotspot/share/runtime/reflection.cpp, line 1246]

Events (10 events):
Event: 6.588 loading class java/util/Formatter$Flags done
Event: 6.588 loading class java/util/Formatter$Conversion
Event: 6.588 loading class java/util/Formatter$Conversion done
Event: 6.588 loading class java/util/Formattable
Event: 6.588 loading class java/util/Formattable done
Event: 6.588 loading class java/util/IdentityHashMap$KeyIterator
Event: 6.588 loading class java/util/IdentityHashMap$IdentityHashMapIterator
Event: 6.588 loading class java/util/IdentityHashMap$IdentityHashMapIterator done
Event: 6.588 loading class java/util/IdentityHashMap$KeyIterator done
Event: 6.588 Executing VM operation: Exit


Dynamic libraries:
0x00007fff398da000 	/System/Library/Frameworks/Cocoa.framework/Versions/A/Cocoa
0x00007fff4567e000 	/System/Library/Frameworks/Security.framework/Versions/A/Security
0x00007fff3856d000 	/System/Library/Frameworks/ApplicationServices.framework/Versions/A/ApplicationServices
0x00007fff6576c000 	/usr/lib/libz.1.dylib
0x00007fff630c6000 	/usr/lib/libSystem.B.dylib
0x00007fff3a14f000 	/System/Library/Frameworks/CoreFoundation.framework/Versions/A/CoreFoundation
0x00007fff3c3d1000 	/System/Library/Frameworks/Foundation.framework/Versions/C/Foundation
0x00007fff648fd000 	/usr/lib/libobjc.A.dylib
0x00007fff37766000 	/System/Library/Frameworks/AppKit.framework/Versions/C/AppKit
0x00007fff39cd8000 	/System/Library/Frameworks/CoreData.framework/Versions/A/CoreData
0x00007fff5cb8c000 	/System/Library/PrivateFrameworks/RemoteViewServices.framework/Versions/A/RemoteViewServices
0x00007fff60e03000 	/System/Library/PrivateFrameworks/UIFoundation.framework/Versions/A/UIFoundation
0x00007fff624e7000 	/System/Library/PrivateFrameworks/XCTTargetBootstrap.framework/Versions/A/XCTTargetBootstrap
0x00007fff3a05e000 	/System/Library/Frameworks/CoreDisplay.framework/Versions/A/CoreDisplay
0x00007fff578c6000 	/System/Library/PrivateFrameworks/IconServices.framework/Versions/A/IconServices
0x00007fff3ecf2000 	/System/Library/Frameworks/Metal.framework/Versions/A/Metal
0x00007fff4ee09000 	/System/Library/PrivateFrameworks/DesktopServicesPriv.framework/Versions/A/DesktopServicesPriv
0x00007fff63c60000 	/usr/lib/libenergytrace.dylib
0x00007fff5f2ea000 	/System/Library/PrivateFrameworks/SkyLight.framework/Versions/A/SkyLight
0x00007fff3a595000 	/System/Library/Frameworks/CoreGraphics.framework/Versions/A/CoreGraphics
0x00007fff36532000 	/System/Library/Frameworks/Accelerate.framework/Versions/A/Accelerate
0x00007fff3cb1a000 	/System/Library/Frameworks/IOSurface.framework/Versions/A/IOSurface
0x00007fff4ec75000 	/System/Library/PrivateFrameworks/DFRFoundation.framework/Versions/A/DFRFoundation
0x00007fff38a50000 	/System/Library/Frameworks/AudioToolbox.framework/Versions/A/AudioToolbox
0x00007fff38cc9000 	/System/Library/Frameworks/AudioUnit.framework/Versions/A/AudioUnit
0x00007fff4ed0a000 	/System/Library/PrivateFrameworks/DataDetectorsCore.framework/Versions/A/DataDetectorsCore
0x00007fff393dd000 	/System/Library/Frameworks/Carbon.framework/Versions/A/Frameworks/HIToolbox.framework/Versions/A/HIToolbox
0x00007fff63db9000 	/usr/lib/libicucore.A.dylib
0x00007fff44bf1000 	/System/Library/Frameworks/QuartzCore.framework/Versions/A/QuartzCore
0x00007fff397b2000 	/System/Library/Frameworks/Carbon.framework/Versions/A/Frameworks/SpeechRecognition.framework/Versions/A/SpeechRecognition
0x00007fff6321a000 	/usr/lib/libauto.dylib
0x00007fff65660000 	/usr/lib/libxml2.2.dylib
0x00007fff4e850000 	/System/Library/PrivateFrameworks/CoreUI.framework/Versions/A/CoreUI
0x00007fff39bc3000 	/System/Library/Frameworks/CoreAudio.framework/Versions/A/CoreAudio
0x00007fff3c206000 	/System/Library/Frameworks/DiskArbitration.framework/Versions/A/DiskArbitration
0x00007fff64067000 	/usr/lib/liblangid.dylib
0x00007fff58cd1000 	/System/Library/PrivateFrameworks/MultitouchSupport.framework/Versions/A/MultitouchSupport
0x00007fff3ca89000 	/System/Library/Frameworks/IOKit.framework/Versions/A/IOKit
0x00007fff62c86000 	/usr/lib/libDiagnosticMessagesClient.dylib
0x00007fff3b3a4000 	/System/Library/Frameworks/CoreServices.framework/Versions/A/CoreServices
0x00007fff5a98b000 	/System/Library/PrivateFrameworks/PerformanceAnalysis.framework/Versions/A/PerformanceAnalysis
0x00007fff43ddf000 	/System/Library/Frameworks/OpenGL.framework/Versions/A/OpenGL
0x00007fff398e8000 	/System/Library/Frameworks/ColorSync.framework/Versions/A/ColorSync
0x00007fff3ac26000 	/System/Library/Frameworks/CoreImage.framework/Versions/A/CoreImage
0x00007fff3bd7c000 	/System/Library/Frameworks/CoreText.framework/Versions/A/CoreText
0x00007fff3cb7d000 	/System/Library/Frameworks/ImageIO.framework/Versions/A/ImageIO
0x00007fff4aea2000 	/System/Library/PrivateFrameworks/Backup.framework/Versions/A/Backup
0x00007fff6316d000 	/usr/lib/libarchive.2.dylib
0x00007fff39022000 	/System/Library/Frameworks/CFNetwork.framework/Versions/A/CFNetwork
0x00007fff45dda000 	/System/Library/Frameworks/SystemConfiguration.framework/Versions/A/SystemConfiguration
0x00007fff62bb7000 	/usr/lib/libCRFSuite.dylib
0x00007fff63309000 	/usr/lib/libc++.1.dylib
0x00007fff6335d000 	/usr/lib/libc++abi.dylib
0x00007fff65f62000 	/usr/lib/system/libcache.dylib
0x00007fff65f67000 	/usr/lib/system/libcommonCrypto.dylib
0x00007fff65f72000 	/usr/lib/system/libcompiler_rt.dylib
0x00007fff65f7a000 	/usr/lib/system/libcopyfile.dylib
0x00007fff65f84000 	/usr/lib/system/libcorecrypto.dylib
0x00007fff6608f000 	/usr/lib/system/libdispatch.dylib
0x00007fff660c9000 	/usr/lib/system/libdyld.dylib
0x00007fff660f6000 	/usr/lib/system/libkeymgr.dylib
0x00007fff66104000 	/usr/lib/system/liblaunch.dylib
0x00007fff66105000 	/usr/lib/system/libmacho.dylib
0x00007fff6610b000 	/usr/lib/system/libquarantine.dylib
0x00007fff6610e000 	/usr/lib/system/libremovefile.dylib
0x00007fff66110000 	/usr/lib/system/libsystem_asl.dylib
0x00007fff66128000 	/usr/lib/system/libsystem_blocks.dylib
0x00007fff66129000 	/usr/lib/system/libsystem_c.dylib
0x00007fff661b1000 	/usr/lib/system/libsystem_configuration.dylib
0x00007fff661b5000 	/usr/lib/system/libsystem_coreservices.dylib
0x00007fff661b9000 	/usr/lib/system/libsystem_darwin.dylib
0x00007fff661c0000 	/usr/lib/system/libsystem_dnssd.dylib
0x00007fff661c7000 	/usr/lib/system/libsystem_info.dylib
0x00007fff6623c000 	/usr/lib/system/libsystem_m.dylib
0x00007fff66288000 	/usr/lib/system/libsystem_malloc.dylib
0x00007fff662b3000 	/usr/lib/system/libsystem_networkextension.dylib
0x00007fff662be000 	/usr/lib/system/libsystem_notify.dylib
0x00007fff662db000 	/usr/lib/system/libsystem_sandbox.dylib
0x00007fff662df000 	/usr/lib/system/libsystem_secinit.dylib
0x00007fff66213000 	/usr/lib/system/libsystem_kernel.dylib
0x00007fff662c6000 	/usr/lib/system/libsystem_platform.dylib
0x00007fff662d0000 	/usr/lib/system/libsystem_pthread.dylib
0x00007fff662e2000 	/usr/lib/system/libsystem_symptoms.dylib
0x00007fff662ea000 	/usr/lib/system/libsystem_trace.dylib
0x00007fff66301000 	/usr/lib/system/libunwind.dylib
0x00007fff66307000 	/usr/lib/system/libxpc.dylib
0x00007fff632ea000 	/usr/lib/libbsm.0.dylib
0x00007fff660f7000 	/usr/lib/system/libkxld.dylib
0x00007fff4a293000 	/System/Library/PrivateFrameworks/AppleFSCompression.framework/Versions/A/AppleFSCompression
0x00007fff62f86000 	/usr/lib/libOpenScriptingUtil.dylib
0x00007fff63612000 	/usr/lib/libcoretls.dylib
0x00007fff63629000 	/usr/lib/libcoretls_cfhelpers.dylib
0x00007fff65094000 	/usr/lib/libpam.2.dylib
0x00007fff65254000 	/usr/lib/libsqlite3.dylib
0x00007fff6564e000 	/usr/lib/libxar.1.dylib
0x00007fff632fb000 	/usr/lib/libbz2.1.0.dylib
0x00007fff64069000 	/usr/lib/liblzma.5.dylib
0x00007fff6451a000 	/usr/lib/libnetwork.dylib
0x00007fff63156000 	/usr/lib/libapple_nghttp2.dylib
0x00007fff6509b000 	/usr/lib/libpcap.A.dylib
0x00007fff3b743000 	/System/Library/Frameworks/CoreServices.framework/Versions/A/Frameworks/FSEvents.framework/Versions/A/FSEvents
0x00007fff3b422000 	/System/Library/Frameworks/CoreServices.framework/Versions/A/Frameworks/CarbonCore.framework/Versions/A/CarbonCore
0x00007fff3b8fe000 	/System/Library/Frameworks/CoreServices.framework/Versions/A/Frameworks/Metadata.framework/Versions/A/Metadata
0x00007fff3b99d000 	/System/Library/Frameworks/CoreServices.framework/Versions/A/Frameworks/OSServices.framework/Versions/A/OSServices
0x00007fff3b9e8000 	/System/Library/Frameworks/CoreServices.framework/Versions/A/Frameworks/SearchKit.framework/Versions/A/SearchKit
0x00007fff3b3a5000 	/System/Library/Frameworks/CoreServices.framework/Versions/A/Frameworks/AE.framework/Versions/A/AE
0x00007fff3b74c000 	/System/Library/Frameworks/CoreServices.framework/Versions/A/Frameworks/LaunchServices.framework/Versions/A/LaunchServices
0x00007fff3b6fa000 	/System/Library/Frameworks/CoreServices.framework/Versions/A/Frameworks/DictionaryServices.framework/Versions/A/DictionaryServices
0x00007fff3ba50000 	/System/Library/Frameworks/CoreServices.framework/Versions/A/Frameworks/SharedFileList.framework/Versions/A/SharedFileList
0x00007fff3fdba000 	/System/Library/Frameworks/NetFS.framework/Versions/A/NetFS
0x00007fff58f37000 	/System/Library/PrivateFrameworks/NetAuth.framework/Versions/A/NetAuth
0x00007fff628eb000 	/System/Library/PrivateFrameworks/login.framework/Versions/A/Frameworks/loginsupport.framework/Versions/A/loginsupport
0x00007fff60a0c000 	/System/Library/PrivateFrameworks/TCC.framework/Versions/A/TCC
0x00007fff4dead000 	/System/Library/PrivateFrameworks/CoreNLP.framework/Versions/A/CoreNLP
0x00007fff589cc000 	/System/Library/PrivateFrameworks/MetadataUtilities.framework/Versions/A/MetadataUtilities
0x00007fff6413e000 	/usr/lib/libmecabra.dylib
0x00007fff3856e000 	/System/Library/Frameworks/ApplicationServices.framework/Versions/A/Frameworks/ATS.framework/Versions/A/ATS
0x00007fff388bd000 	/System/Library/Frameworks/ApplicationServices.framework/Versions/A/Frameworks/ColorSyncLegacy.framework/Versions/A/ColorSyncLegacy
0x00007fff3895c000 	/System/Library/Frameworks/ApplicationServices.framework/Versions/A/Frameworks/HIServices.framework/Versions/A/HIServices
0x00007fff389af000 	/System/Library/Frameworks/ApplicationServices.framework/Versions/A/Frameworks/LangAnalysis.framework/Versions/A/LangAnalysis
0x00007fff389bf000 	/System/Library/Frameworks/ApplicationServices.framework/Versions/A/Frameworks/PrintCore.framework/Versions/A/PrintCore
0x00007fff38a09000 	/System/Library/Frameworks/ApplicationServices.framework/Versions/A/Frameworks/QD.framework/Versions/A/QD
0x00007fff38a43000 	/System/Library/Frameworks/ApplicationServices.framework/Versions/A/Frameworks/SpeechSynthesis.framework/Versions/A/SpeechSynthesis
0x00007fff63385000 	/usr/lib/libcompression.dylib
0x00007fff3efc2000 	/System/Library/Frameworks/MetalPerformanceShaders.framework/Versions/A/MetalPerformanceShaders
0x00007fff3654a000 	/System/Library/Frameworks/Accelerate.framework/Versions/A/Frameworks/vImage.framework/Versions/A/vImage
0x00007fff375c4000 	/System/Library/Frameworks/Accelerate.framework/Versions/A/Frameworks/vecLib.framework/Versions/A/vecLib
0x00007fff37510000 	/System/Library/Frameworks/Accelerate.framework/Versions/A/Frameworks/vecLib.framework/Versions/A/libvMisc.dylib
0x00007fff37328000 	/System/Library/Frameworks/Accelerate.framework/Versions/A/Frameworks/vecLib.framework/Versions/A/libvDSP.dylib
0x00007fff36be4000 	/System/Library/Frameworks/Accelerate.framework/Versions/A/Frameworks/vecLib.framework/Versions/A/libBLAS.dylib
0x00007fff36ed1000 	/System/Library/Frameworks/Accelerate.framework/Versions/A/Frameworks/vecLib.framework/Versions/A/libLAPACK.dylib
0x00007fff3727b000 	/System/Library/Frameworks/Accelerate.framework/Versions/A/Frameworks/vecLib.framework/Versions/A/libLinearAlgebra.dylib
0x00007fff37314000 	/System/Library/Frameworks/Accelerate.framework/Versions/A/Frameworks/vecLib.framework/Versions/A/libSparseBLAS.dylib
0x00007fff37291000 	/System/Library/Frameworks/Accelerate.framework/Versions/A/Frameworks/vecLib.framework/Versions/A/libQuadrature.dylib
0x00007fff36e5e000 	/System/Library/Frameworks/Accelerate.framework/Versions/A/Frameworks/vecLib.framework/Versions/A/libBNNS.dylib
0x00007fff37297000 	/System/Library/Frameworks/Accelerate.framework/Versions/A/Frameworks/vecLib.framework/Versions/A/libSparse.dylib
0x00007fff551fb000 	/System/Library/PrivateFrameworks/GPUWrangler.framework/Versions/A/GPUWrangler
0x00007fff574fb000 	/System/Library/PrivateFrameworks/IOAccelerator.framework/Versions/A/IOAccelerator
0x00007fff57506000 	/System/Library/PrivateFrameworks/IOPresentment.framework/Versions/A/IOPresentment
0x00007fff4ec85000 	/System/Library/PrivateFrameworks/DSExternalDisplay.framework/Versions/A/DSExternalDisplay
0x00007fff43236000 	/System/Library/Frameworks/OpenGL.framework/Versions/A/Libraries/libCoreFSCache.dylib
0x00007fff3edb6000 	/System/Library/Frameworks/MetalPerformanceShaders.framework/Frameworks/MPSCore.framework/Versions/A/MPSCore
0x00007fff3edd6000 	/System/Library/Frameworks/MetalPerformanceShaders.framework/Frameworks/MPSImage.framework/Versions/A/MPSImage
0x00007fff3ee7b000 	/System/Library/Frameworks/MetalPerformanceShaders.framework/Frameworks/MPSNeuralNetwork.framework/Versions/A/MPSNeuralNetwork
0x00007fff3ee53000 	/System/Library/Frameworks/MetalPerformanceShaders.framework/Frameworks/MPSMatrix.framework/Versions/A/MPSMatrix
0x00007fff3efa7000 	/System/Library/Frameworks/MetalPerformanceShaders.framework/Frameworks/MPSRayIntersector.framework/Versions/A/MPSRayIntersector
0x00007fff589f5000 	/System/Library/PrivateFrameworks/MetalTools.framework/Versions/A/MetalTools
0x00007fff49b3d000 	/System/Library/PrivateFrameworks/AggregateDictionary.framework/Versions/A/AggregateDictionary
0x00007fff62f66000 	/usr/lib/libMobileGestalt.dylib
0x00007fff3bedf000 	/System/Library/Frameworks/CoreVideo.framework/Versions/A/CoreVideo
0x00007fff5600c000 	/System/Library/PrivateFrameworks/GraphVisualizer.framework/Versions/A/GraphVisualizer
0x00007fff4fe8b000 	/System/Library/PrivateFrameworks/FaceCore.framework/Versions/A/FaceCore
0x00007fff42864000 	/System/Library/Frameworks/OpenCL.framework/Versions/A/OpenCL
0x00007fff62cbe000 	/usr/lib/libFosl_dynamic.dylib
0x00007fff597a2000 	/System/Library/PrivateFrameworks/OTSVG.framework/Versions/A/OTSVG
0x00007fff38672000 	/System/Library/Frameworks/ApplicationServices.framework/Versions/A/Frameworks/ATS.framework/Versions/A/Resources/libFontParser.dylib
0x00007fff3878a000 	/System/Library/Frameworks/ApplicationServices.framework/Versions/A/Frameworks/ATS.framework/Versions/A/Resources/libFontRegistry.dylib
0x00007fff3cdeb000 	/System/Library/Frameworks/ImageIO.framework/Versions/A/Resources/libJPEG.dylib
0x00007fff3d0fd000 	/System/Library/Frameworks/ImageIO.framework/Versions/A/Resources/libTIFF.dylib
0x00007fff3d0d3000 	/System/Library/Frameworks/ImageIO.framework/Versions/A/Resources/libPng.dylib
0x00007fff3cd09000 	/System/Library/Frameworks/ImageIO.framework/Versions/A/Resources/libGIF.dylib
0x00007fff3cd0e000 	/System/Library/Frameworks/ImageIO.framework/Versions/A/Resources/libJP2.dylib
0x00007fff3d0fa000 	/System/Library/Frameworks/ImageIO.framework/Versions/A/Resources/libRadiance.dylib
0x00007fff4a3ea000 	/System/Library/PrivateFrameworks/AppleJPEG.framework/Versions/A/AppleJPEG
0x00007fff43241000 	/System/Library/Frameworks/OpenGL.framework/Versions/A/Libraries/libGFXShared.dylib
0x00007fff43404000 	/System/Library/Frameworks/OpenGL.framework/Versions/A/Libraries/libGLU.dylib
0x00007fff4324a000 	/System/Library/Frameworks/OpenGL.framework/Versions/A/Libraries/libGL.dylib
0x00007fff43256000 	/System/Library/Frameworks/OpenGL.framework/Versions/A/Libraries/libGLImage.dylib
0x00007fff43233000 	/System/Library/Frameworks/OpenGL.framework/Versions/A/Libraries/libCVMSPluginSupport.dylib
0x00007fff4323c000 	/System/Library/Frameworks/OpenGL.framework/Versions/A/Libraries/libCoreVMClient.dylib
0x00007fff63ad6000 	/usr/lib/libcups.2.dylib
0x00007fff3e2bd000 	/System/Library/Frameworks/Kerberos.framework/Versions/A/Kerberos
0x00007fff3c7ed000 	/System/Library/Frameworks/GSS.framework/Versions/A/GSS
0x00007fff651e9000 	/usr/lib/libresolv.9.dylib
0x00007fff63cc8000 	/usr/lib/libiconv.2.dylib
0x00007fff56181000 	/System/Library/PrivateFrameworks/Heimdal.framework/Versions/A/Heimdal
0x00007fff63c98000 	/usr/lib/libheimdal-asn1.dylib
0x00007fff428d8000 	/System/Library/Frameworks/OpenDirectory.framework/Versions/A/OpenDirectory
0x00007fff4cc10000 	/System/Library/PrivateFrameworks/CommonAuth.framework/Versions/A/CommonAuth
0x00007fff428bc000 	/System/Library/Frameworks/OpenDirectory.framework/Versions/A/Frameworks/CFOpenDirectory.framework/Versions/A/CFOpenDirectory
0x00007fff4597f000 	/System/Library/Frameworks/SecurityFoundation.framework/Versions/A/SecurityFoundation
0x00007fff49083000 	/System/Library/PrivateFrameworks/APFS.framework/Versions/A/APFS
0x00007fff6564a000 	/usr/lib/libutil.dylib
0x00007fff63373000 	/usr/lib/libcharset.1.dylib
0x00007fff4a687000 	/System/Library/PrivateFrameworks/AppleSauce.framework/Versions/A/AppleSauce
0x00007fff4a808000 	/System/Library/PrivateFrameworks/AssertionServices.framework/Versions/A/AssertionServices
0x00007fff4af38000 	/System/Library/PrivateFrameworks/BaseBoard.framework/Versions/A/BaseBoard
0x00007fff64099000 	/usr/lib/libmecab.1.0.0.dylib
0x00007fff63c92000 	/usr/lib/libgermantok.dylib
0x00007fff63143000 	/usr/lib/libThaiTokenizer.dylib
0x00007fff62bee000 	/usr/lib/libChineseTokenizer.dylib
0x00007fff57bb3000 	/System/Library/PrivateFrameworks/LanguageModeling.framework/Versions/A/LanguageModeling
0x00007fff4d8f2000 	/System/Library/PrivateFrameworks/CoreEmoji.framework/Versions/A/CoreEmoji
0x00007fff57c8f000 	/System/Library/PrivateFrameworks/Lexicon.framework/Versions/A/Lexicon
0x00007fff57cd2000 	/System/Library/PrivateFrameworks/LinguisticData.framework/Versions/A/LinguisticData
0x00007fff63374000 	/usr/lib/libcmph.dylib
0x00007fff45a3d000 	/System/Library/Frameworks/ServiceManagement.framework/Versions/A/ServiceManagement
0x00007fff4ae99000 	/System/Library/PrivateFrameworks/BackgroundTaskManagement.framework/Versions/A/BackgroundTaskManagement
0x00007fff65743000 	/usr/lib/libxslt.1.dylib
0x00007fff396df000 	/System/Library/Frameworks/Carbon.framework/Versions/A/Frameworks/Ink.framework/Versions/A/Ink
0x00007fff60c7e000 	/System/Library/PrivateFrameworks/TextureIO.framework/Versions/A/TextureIO
0x00007fff63197000 	/usr/lib/libate.dylib
0x00007fff4ebd4000 	/System/Library/PrivateFrameworks/CrashReporterSupport.framework/Versions/A/CrashReporterSupport
0x00007fff5e3b8000 	/System/Library/PrivateFrameworks/Sharing.framework/Versions/A/Sharing
0x00007fff4abeb000 	/System/Library/PrivateFrameworks/AuthKit.framework/Versions/A/AuthKit
0x00007fff4a13f000 	/System/Library/PrivateFrameworks/Apple80211.framework/Versions/A/Apple80211
0x00007fff4e97c000 	/System/Library/PrivateFrameworks/CoreUtils.framework/Versions/A/CoreUtils
0x00007fff3bf20000 	/System/Library/Frameworks/CoreWLAN.framework/Versions/A/CoreWLAN
0x00007fff3c91c000 	/System/Library/Frameworks/IOBluetooth.framework/Versions/A/IOBluetooth
0x00007fff5c82c000 	/System/Library/PrivateFrameworks/ProtocolBuffer.framework/Versions/A/ProtocolBuffer
0x00007fff58c2d000 	/System/Library/PrivateFrameworks/MobileKeyBag.framework/Versions/A/MobileKeyBag
0x00007fff4e1c0000 	/System/Library/PrivateFrameworks/CorePhoneNumbers.framework/Versions/A/CorePhoneNumbers
0x00007fff4a39e000 	/System/Library/PrivateFrameworks/AppleIDAuthSupport.framework/Versions/A/AppleIDAuthSupport
0x00007fff57b86000 	/System/Library/PrivateFrameworks/KeychainCircle.framework/Versions/A/KeychainCircle
0x00007fff5c9e2000 	/System/Library/PrivateFrameworks/ROCKit.framework/Versions/A/ROCKit
0x00007fff4eb70000 	/System/Library/PrivateFrameworks/CoreWiFi.framework/Versions/A/CoreWiFi
0x00007fff39cad000 	/System/Library/Frameworks/CoreBluetooth.framework/Versions/A/CoreBluetooth
0x00007fff4edcb000 	/System/Library/PrivateFrameworks/DebugSymbols.framework/Versions/A/DebugSymbols
0x00007fff4e73c000 	/System/Library/PrivateFrameworks/CoreSymbolication.framework/Versions/A/CoreSymbolication
0x00007fff60499000 	/System/Library/PrivateFrameworks/Symbolication.framework/Versions/A/Symbolication
0x00007fff5fd3c000 	/System/Library/PrivateFrameworks/SpeechRecognitionCore.framework/Versions/A/SpeechRecognitionCore
0x000000010ae00000 	/Applications/IntelliJ IDEA.app/Contents/jbr/Contents/Home/lib/server/libjvm.dylib
0x0000000109cb8000 	/Applications/IntelliJ IDEA.app/Contents/jbr/Contents/Home/lib/libverify.dylib
0x0000000109cc9000 	/Applications/IntelliJ IDEA.app/Contents/jbr/Contents/Home/lib/libjava.dylib
0x0000000109d14000 	/Applications/IntelliJ IDEA.app/Contents/jbr/Contents/Home/lib/libinstrument.dylib
0x0000000109db1000 	/Applications/IntelliJ IDEA.app/Contents/jbr/Contents/Home/lib/libzip.dylib
0x0000000109dbe000 	/Applications/IntelliJ IDEA.app/Contents/jbr/Contents/Home/lib/libjimage.dylib
0x000000012739c000 	/Applications/IntelliJ IDEA.app/Contents/jbr/Contents/Home/lib/libnio.dylib
0x00000001273af000 	/Applications/IntelliJ IDEA.app/Contents/jbr/Contents/Home/lib/./libnet.dylib
0x0000000127451000 	/Applications/IntelliJ IDEA.app/Contents/jbr/Contents/Home/lib/libextnet.dylib
0x00000001272eb000 	/Applications/IntelliJ IDEA.app/Contents/jbr/Contents/Home/lib/libprism_es2.dylib
0x00007fff4e344000 	/System/Library/PrivateFrameworks/CoreServicesInternal.framework/Versions/A/CoreServicesInternal
0x00007fff43def000 	/System/Library/Frameworks/OpenGL.framework/Versions/A/Resources/GLEngine.bundle/GLEngine
0x00007fff43291000 	/System/Library/Frameworks/OpenGL.framework/Versions/A/Libraries/libGLProgrammability.dylib
0x00007fff3291e000 	/System/Library/Extensions/AppleIntelKBLGraphicsGLDriver.bundle/Contents/MacOS/AppleIntelKBLGraphicsGLDriver
0x00007fff551ef000 	/System/Library/PrivateFrameworks/GPUSupport.framework/Versions/A/Libraries/libGPUSupportMercury.dylib
0x00007fff43f87000 	/System/Library/Frameworks/OpenGL.framework/Versions/A/Resources/GLRendererFloat.bundle/GLRendererFloat
0x00007fff4285b000 	/System/Library/Frameworks/OpenCL.framework/Versions/A/Libraries/libcldcpuengine.dylib
0x00007fff637c8000 	/usr/lib/libcrypto.35.dylib
0x00007fff60dfc000 	/System/Library/PrivateFrameworks/TrustEvaluationAgent.framework/Versions/A/TrustEvaluationAgent
0x0000000127f50000 	/Applications/IntelliJ IDEA.app/Contents/jbr/Contents/Home/lib/libglass.dylib
0x00007fff2e8b0000 	/System/Library/CoreServices/RawCamera.bundle/Contents/MacOS/RawCamera
0x00007fff58a99000 	/System/Library/PrivateFrameworks/MobileAsset.framework/Versions/A/MobileAsset
0x00007fff603e7000 	/System/Library/PrivateFrameworks/StreamingZip.framework/Versions/A/StreamingZip
0x00007fff3e64a000 	/System/Library/Frameworks/MediaToolbox.framework/Versions/A/MediaToolbox
0x00007fff4d496000 	/System/Library/PrivateFrameworks/CoreAVCHD.framework/Versions/A/CoreAVCHD
0x00007fff3e590000 	/System/Library/Frameworks/MediaAccessibility.framework/Versions/A/MediaAccessibility
0x00007fff584f5000 	/System/Library/PrivateFrameworks/Mangrove.framework/Versions/A/Mangrove
0x00007fff3b243000 	/System/Library/Frameworks/CoreMedia.framework/Versions/A/CoreMedia
0x00007fff460a6000 	/System/Library/Frameworks/VideoToolbox.framework/Versions/A/VideoToolbox
0x00007fff4d0b2000 	/System/Library/PrivateFrameworks/CoreAUC.framework/Versions/A/CoreAUC
0x00007fff65252000 	/usr/lib/libspindump.dylib
0x00007fff4a76d000 	/System/Library/PrivateFrameworks/AppleVA.framework/Versions/A/AppleVA
0x00007fff36533000 	/System/Library/Frameworks/Accelerate.framework/Versions/A/Frameworks/vImage.framework/Versions/A/Libraries/libCGInterfaces.dylib
0x00007fff61c36000 	/System/Library/PrivateFrameworks/ViewBridge.framework/Versions/A/ViewBridge
0x000000012a602000 	/usr/lib/libobjc-trampolines.dylib
0x000000012b803000 	/Applications/IntelliJ IDEA.app/Contents/jbr/Contents/Home/lib/libjavafx_font.dylib
0x000000012b812000 	/Applications/IntelliJ IDEA.app/Contents/jbr/Contents/Home/lib/libawt.dylib
0x000000012b8b2000 	/Applications/IntelliJ IDEA.app/Contents/jbr/Contents/Home/lib/./libmlib_image.dylib
0x00007fff3e2a6000 	/System/Library/Frameworks/JavaVM.framework/Versions/A/Frameworks/JavaNativeFoundation.framework/Versions/A/JavaNativeFoundation
0x00007fff3e2af000 	/System/Library/Frameworks/JavaVM.framework/Versions/A/Frameworks/JavaRuntimeSupport.framework/Versions/A/JavaRuntimeSupport
0x00007fff3e2b8000 	/System/Library/Frameworks/JavaVM.framework/Versions/A/JavaVM
0x00007fff57aa5000 	/System/Library/PrivateFrameworks/JavaLaunching.framework/Versions/A/JavaLaunching
0x00007fff393d8000 	/System/Library/Frameworks/Carbon.framework/Versions/A/Carbon
0x00007fff393d9000 	/System/Library/Frameworks/Carbon.framework/Versions/A/Frameworks/CommonPanels.framework/Versions/A/CommonPanels
0x00007fff396d5000 	/System/Library/Frameworks/Carbon.framework/Versions/A/Frameworks/Help.framework/Versions/A/Help
0x00007fff396d9000 	/System/Library/Frameworks/Carbon.framework/Versions/A/Frameworks/ImageCapture.framework/Versions/A/ImageCapture
0x00007fff39775000 	/System/Library/Frameworks/Carbon.framework/Versions/A/Frameworks/OpenScripting.framework/Versions/A/OpenScripting
0x00007fff397ad000 	/System/Library/Frameworks/Carbon.framework/Versions/A/Frameworks/Print.framework/Versions/A/Print
0x00007fff397af000 	/System/Library/Frameworks/Carbon.framework/Versions/A/Frameworks/SecurityHI.framework/Versions/A/SecurityHI
0x000000012b91e000 	/Applications/IntelliJ IDEA.app/Contents/jbr/Contents/Home/lib/libawt_lwawt.dylib
0x000000012b9d8000 	/Applications/IntelliJ IDEA.app/Contents/jbr/Contents/Home/lib/./libosxapp.dylib
0x00007fff3c3aa000 	/System/Library/Frameworks/ExceptionHandling.framework/Versions/A/ExceptionHandling
0x000000012b9ff000 	/Applications/IntelliJ IDEA.app/Contents/jbr/Contents/Home/lib/libfontmanager.dylib
0x000000012bafe000 	/Applications/IntelliJ IDEA.app/Contents/jbr/Contents/Home/lib/./libfreetype.dylib
0x00007fff38826000 	/System/Library/Frameworks/ApplicationServices.framework/Versions/A/Frameworks/ATS.framework/Versions/A/Resources/libTrueTypeScaler.dylib
0x00007fff336f3000 	/System/Library/Extensions/AppleIntelKBLGraphicsMTLDriver.bundle/Contents/MacOS/AppleIntelKBLGraphicsMTLDriver
0x00007fff53b5a000 	/System/Library/PrivateFrameworks/GPUCompiler.framework/Versions/3902/Libraries/libmetal_timestamp.dylib
0x000000012c1fd000 	/Applications/IntelliJ IDEA.app/Contents/jbr/Contents/Home/lib/libjavafx_iio.dylib
0x000000012c4c3000 	/Applications/IntelliJ IDEA.app/Contents/jbr/Contents/Home/lib/libglib-lite.dylib
0x00007fff63c88000 	/usr/lib/libffi.dylib
0x0000000131777000 	/Applications/IntelliJ IDEA.app/Contents/jbr/Contents/Home/lib/libgstreamer-lite.dylib
0x000000012c2f4000 	/Applications/IntelliJ IDEA.app/Contents/jbr/Contents/Home/lib/libjfxmedia.dylib
0x000000012c2a8000 	/Applications/IntelliJ IDEA.app/Contents/jbr/Contents/Home/lib/libjfxmedia_avf.dylib
0x00007fff36188000 	/System/Library/Frameworks/AVFoundation.framework/Versions/A/AVFoundation
0x00007fff36365000 	/System/Library/Frameworks/AVFoundation.framework/Versions/A/Frameworks/AVFAudio.framework/Versions/A/AVFAudio
0x00007fff57a1d000 	/System/Library/PrivateFrameworks/InternationalSupport.framework/Versions/A/InternationalSupport
0x00007fff3b348000 	/System/Library/Frameworks/CoreMediaIO.framework/Versions/A/CoreMediaIO
0x00007fff5cb6e000 	/System/Library/PrivateFrameworks/RemoteServiceDiscovery.framework/Versions/A/RemoteServiceDiscovery
0x00007fff5cbaf000 	/System/Library/PrivateFrameworks/RemoteXPC.framework/Versions/A/RemoteXPC
0x00007fff628ee000 	/System/Library/PrivateFrameworks/login.framework/Versions/A/login


VM Arguments:
jvm_args: -javaagent:/Applications/IntelliJ IDEA.app/Contents/lib/idea_rt.jar=63076:/Applications/IntelliJ IDEA.app/Contents/bin -Dfile.encoding=UTF-8 
java_command: P3_G6_Miniproject_Client.Main
java_class_path (initial): /Users/torarnthpetersen/Desktop/University/3. semester/Programming of Complex Software Systems/P3_G6_Miniproject_Client/out/production/P3_G6_Miniproject_Client:/Users/torarnthpetersen/Desktop/University/3. semester/Programming of Complex Software Systems/P3_G6_Miniproject_Client/netutil-1.1.0.jar
Launcher Type: SUN_STANDARD

[Global flags]
     intx CICompilerCount                          = 4                                         {product} {ergonomic}
     uint ConcGCThreads                            = 2                                         {product} {ergonomic}
     uint G1ConcRefinementThreads                  = 8                                         {product} {ergonomic}
   size_t G1HeapRegionSize                         = 1048576                                   {product} {ergonomic}
    uintx GCDrainStackTargetSize                   = 64                                        {product} {ergonomic}
   size_t InitialHeapSize                          = 134217728                                 {product} {ergonomic}
   size_t MarkStackSize                            = 4194304                                   {product} {ergonomic}
   size_t MaxHeapSize                              = 2147483648                                {product} {ergonomic}
   size_t MaxNewSize                               = 1287651328                                {product} {ergonomic}
   size_t MinHeapDeltaBytes                        = 1048576                                   {product} {ergonomic}
    uintx NonNMethodCodeHeapSize                   = 5835340                                {pd product} {ergonomic}
    uintx NonProfiledCodeHeapSize                  = 122911450                              {pd product} {ergonomic}
    uintx ProfiledCodeHeapSize                     = 122911450                              {pd product} {ergonomic}
    uintx ReservedCodeCacheSize                    = 251658240                              {pd product} {ergonomic}
     bool SegmentedCodeCache                       = true                                      {product} {ergonomic}
     bool UseCompressedClassPointers               = true                                 {lp64_product} {ergonomic}
     bool UseCompressedOops                        = true                                 {lp64_product} {ergonomic}
     bool UseG1GC                                  = true                                      {product} {ergonomic}

Logging:
Log output configuration:
 #0: stdout all=warning uptime,level,tags
 #1: stderr all=off uptime,level,tags

Environment Variables:
PATH=//anaconda3/bin://anaconda3/condabin:/usr/local/bin:/usr/bin:/bin:/usr/sbin:/sbin:/Library/TeX/texbin:/usr/local/share/dotnet:/opt/X11/bin:~/.dotnet/tools:/Library/Frameworks/Mono.framework/Versions/Current/Commands
SHELL=/bin/bash
DISPLAY=/private/tmp/com.apple.launchd.8JVYRmkFIU/org.macosforge.xquartz:0

Signal Handlers:
SIGSEGV: [libjvm.dylib+0x73de8a], sa_mask[0]=11111111011111110111111111111111, sa_flags=SA_ONSTACK|SA_RESTART|SA_SIGINFO
SIGBUS: [libjvm.dylib+0x73de8a], sa_mask[0]=11111111011111110111111111111111, sa_flags=SA_RESTART|SA_SIGINFO
SIGFPE: [libjvm.dylib+0x73de8a], sa_mask[0]=11111111011111110111111111111111, sa_flags=SA_RESTART|SA_SIGINFO
SIGPIPE: [libjvm.dylib+0x5f061e], sa_mask[0]=11111111011111110111111111111111, sa_flags=SA_RESTART|SA_SIGINFO
SIGXFSZ: [libjvm.dylib+0x5f061e], sa_mask[0]=11111111011111110111111111111111, sa_flags=SA_RESTART|SA_SIGINFO
SIGILL: [libjvm.dylib+0x73de8a], sa_mask[0]=11111111011111110111111111111111, sa_flags=SA_RESTART|SA_SIGINFO
SIGUSR2: [libjvm.dylib+0x5f0c03], sa_mask[0]=00100000000000000000000000000000, sa_flags=SA_RESTART|SA_SIGINFO
SIGHUP: [libjvm.dylib+0x5ef655], sa_mask[0]=11111111011111110111111111111111, sa_flags=SA_RESTART|SA_SIGINFO
SIGINT: [libjvm.dylib+0x5ef655], sa_mask[0]=11111111011111110111111111111111, sa_flags=SA_RESTART|SA_SIGINFO
SIGTERM: [libjvm.dylib+0x5ef655], sa_mask[0]=11111111011111110111111111111111, sa_flags=SA_RESTART|SA_SIGINFO
SIGQUIT: [libjvm.dylib+0x5ef655], sa_mask[0]=11111111011111110111111111111111, sa_flags=SA_RESTART|SA_SIGINFO


---------------  S Y S T E M  ---------------

OS:uname:Darwin 18.7.0 Darwin Kernel Version 18.7.0: Tue Aug 20 16:57:14 PDT 2019; root:xnu-4903.271.2~2/RELEASE_X86_64 x86_64
rlimit: STACK 8192k, CORE 0k, NPROC 709, NOFILE 10240, AS infinity, DATA infinity, FSIZE infinity
load average:4.54 2.71 2.23

CPU:total 8 (initial active 8) (4 cores per cpu, 2 threads per core) family 6 model 142 stepping 10, cmov, cx8, fxsr, mmx, sse, sse2, sse3, ssse3, sse4.1, sse4.2, popcnt, avx, avx2, aes, clmul, erms, 3dnowpref, lzcnt, ht, tsc, tscinvbit, bmi1, bmi2, adx, fma

Memory: 4k page, physical 8388608k(56176k free)

vm_info: OpenJDK 64-Bit Server VM (11.0.4+10-b304.69) for bsd-amd64 JRE (11.0.4+10-b304.69), built on Sep  9 2019 01:53:50 by "builduser" with gcc 4.2.1 Compatible Apple LLVM 9.1.0 (clang-902.0.39.2)

END.
